[0.000000] (-) TimerEvent: {}
[0.003019] (nav_tools) JobQueued: {'identifier': 'nav_tools', 'dependencies': OrderedDict()}
[0.003257] (nav_tools) JobStarted: {'identifier': 'nav_tools'}
[0.082931] (nav_tools) JobProgress: {'identifier': 'nav_tools', 'progress': 'cmake'}
[0.086976] (nav_tools) JobProgress: {'identifier': 'nav_tools', 'progress': 'build'}
[0.089802] (nav_tools) Command: {'cmd': ['/usr/bin/cmake', '--build', '/home/pitosalas/linorobot2_ws/src/nav_tools/build/nav_tools', '--', '-j4', '-l4'], 'cwd': '/home/pitosalas/linorobot2_ws/src/nav_tools/build/nav_tools', 'env': OrderedDict({'LINOROBOT2_BASE': '2wd', 'TMUX': '/tmp/tmux-1000/default,1974,0', 'USER': 'pitosalas', 'SSH_CLIENT': '192.168.5.76 54573 22', 'GZ_CONFIG_PATH': '/opt/ros/jazzy/opt/gz_sim_vendor/share/gz:/opt/ros/jazzy/opt/sdformat_vendor/share/gz:/opt/ros/jazzy/opt/gz_gui_vendor/share/gz:/opt/ros/jazzy/opt/gz_transport_vendor/share/gz:/opt/ros/jazzy/opt/gz_rendering_vendor/share/gz:/opt/ros/jazzy/opt/gz_plugin_vendor/share/gz:/opt/ros/jazzy/opt/gz_fuel_tools_vendor/share/gz:/opt/ros/jazzy/opt/gz_msgs_vendor/share/gz:/opt/ros/jazzy/opt/gz_common_vendor/share/gz', 'XDG_SESSION_TYPE': 'tty', 'MCFLY_HISTFILE': '/home/pitosalas/.bash_history', 'SHLVL': '2', 'LD_LIBRARY_PATH': '/home/pitosalas/linorobot2_ws/install/dome_interfaces/lib:/home/pitosalas/uros_ws/install/micro_ros_agent/lib:/home/pitosalas/uros_ws/install/micro_ros_msgs/lib:/opt/ros/jazzy/opt/gz_sim_vendor/lib:/opt/ros/jazzy/opt/gz_sensors_vendor/lib:/opt/ros/jazzy/opt/gz_physics_vendor/lib:/opt/ros/jazzy/opt/sdformat_vendor/lib:/opt/ros/jazzy/opt/rviz_ogre_vendor/lib:/opt/ros/jazzy/lib/aarch64-linux-gnu:/opt/ros/jazzy/opt/gz_gui_vendor/lib:/opt/ros/jazzy/opt/gz_transport_vendor/lib:/opt/ros/jazzy/opt/gz_rendering_vendor/lib:/opt/ros/jazzy/opt/gz_plugin_vendor/lib:/opt/ros/jazzy/opt/gz_fuel_tools_vendor/lib:/opt/ros/jazzy/opt/gz_msgs_vendor/lib:/opt/ros/jazzy/opt/gz_common_vendor/lib:/opt/ros/jazzy/opt/gz_math_vendor/lib:/opt/ros/jazzy/opt/gz_utils_vendor/lib:/opt/ros/jazzy/opt/gz_tools_vendor/lib:/opt/ros/jazzy/opt/gz_ogre_next_vendor/lib:/opt/ros/jazzy/opt/gz_dartsim_vendor/lib:/opt/ros/jazzy/opt/gz_cmake_vendor/lib:/opt/ros/jazzy/lib', 'HOME': '/home/pitosalas', 'MCFLY_HISTORY': '/tmp/mcfly.7R4RvEUM', 'OLDPWD': '/home/pitosalas/linorobot2_ws/src', 'TERM_PROGRAM_VERSION': '3.4', 'SSH_TTY': '/dev/pts/4', 'ROS_PYTHON_VERSION': '3', 'PS1': '[\\h:\\w]', 'DBUS_SESSION_BUS_ADDRESS': 'unix:path=/run/user/1000/bus', 'LC_TERMINAL_VERSION': '3.5.12', 'COLCON_PREFIX_PATH': '/home/pitosalas/linorobot2_ws/install:/home/pitosalas/uros_ws/install', 'ROS_DISTRO': 'jazzy', 'LOGNAME': 'pitosalas', '_': '/usr/bin/colcon', 'ROS_VERSION': '2', 'XDG_SESSION_CLASS': 'user', 'TERM': 'tmux-256color', 'XDG_SESSION_ID': '4', 'HISTCONTROL': 'ignorespace', 'PATH': '/home/pitosalas/.local/bin:/home/pitosalas/.local/bin:/opt/ros/jazzy/opt/gz_msgs_vendor/bin:/opt/ros/jazzy/opt/gz_tools_vendor/bin:/opt/ros/jazzy/opt/gz_ogre_next_vendor/bin:/opt/ros/jazzy/bin:/usr/local/sbin:/usr/local/bin:/usr/sbin:/usr/bin:/sbin:/bin:/usr/games:/usr/local/games:/snap/bin:/home/pitosalas/.local/bin:/home/pitosalas/.platformio/penv/bin:/home/pitosalas/.local/bin:/home/pitosalas/.platformio/penv/bin', 'XDG_RUNTIME_DIR': '/run/user/1000', 'LANG': 'en_US.UTF-8', 'TERM_PROGRAM': 'tmux', 'AMENT_PREFIX_PATH': '/home/pitosalas/linorobot2_ws/install/status_panel:/home/pitosalas/linorobot2_ws/install/obstacle_perception:/home/pitosalas/linorobot2_ws/install/my_cxx_package:/home/pitosalas/linorobot2_ws/install/mini_nav2:/home/pitosalas/linorobot2_ws/install/micro_ros_setup:/home/pitosalas/linorobot2_ws/install/looker:/home/pitosalas/linorobot2_ws/install/local_costmapper:/home/pitosalas/linorobot2_ws/install/linorobot2_navigation:/home/pitosalas/linorobot2_ws/install/linorobot2_gazebo:/home/pitosalas/linorobot2_ws/install/dome:/home/pitosalas/linorobot2_ws/install/linorobot2_description:/home/pitosalas/linorobot2_ws/install/linorobot2_bringup:/home/pitosalas/linorobot2_ws/install/linorobot2_base:/home/pitosalas/linorobot2_ws/install/linorobot2:/home/pitosalas/linorobot2_ws/install/lib_ros_examples:/home/pitosalas/linorobot2_ws/install/imu_calib:/home/pitosalas/linorobot2_ws/install/hls_lfcd_lds_driver:/home/pitosalas/linorobot2_ws/install/dome_interfaces:/home/pitosalas/uros_ws/install/micro_ros_agent:/home/pitosalas/uros_ws/install/micro_ros_msgs:/opt/ros/jazzy', 'SHELL': '/bin/bash', 'LC_TERMINAL': 'iTerm2', 'ROS_AUTOMATIC_DISCOVERY_RANGE': 'SUBNET', 'PWD': '/home/pitosalas/linorobot2_ws/src/nav_tools/build/nav_tools', 'MCFLY_SESSION_ID': 'P5hZ6U8PeCHS2xZrzBY08Hgw', 'LC_ALL': 'en_US.UTF-8', 'SSH_CONNECTION': '192.168.5.76 54573 192.168.5.118 22', 'XDG_DATA_DIRS': '/usr/local/share:/usr/share:/var/lib/snapd/desktop', 'LINOROBOT2_DEPTH_SENSOR': '', 'PYTHONPATH': '/home/pitosalas/linorobot2_ws/install/status_panel/lib/python3.12/site-packages:/home/pitosalas/linorobot2_ws/install/obstacle_perception/lib/python3.12/site-packages:/home/pitosalas/linorobot2_ws/install/linorobot2_gazebo/lib/python3.12/site-packages:/home/pitosalas/linorobot2_ws/install/dome/lib/python3.12/site-packages:/home/pitosalas/linorobot2_ws/install/lib_ros_examples/lib/python3.12/site-packages:/home/pitosalas/linorobot2_ws/install/dome_interfaces/lib/python3.12/site-packages:/home/pitosalas/uros_ws/install/micro_ros_msgs/lib/python3.12/site-packages:/opt/ros/jazzy/lib/python3.12/site-packages', 'COLCON': '1', 'LINOROBOT2_LASER_SENSOR': '', 'TMUX_PANE': '%0', 'CMAKE_PREFIX_PATH': '/home/pitosalas/linorobot2_ws/install/my_cxx_package:/home/pitosalas/linorobot2_ws/install/mini_nav2:/home/pitosalas/linorobot2_ws/install/micro_ros_setup:/home/pitosalas/linorobot2_ws/install/status_panel:/home/pitosalas/linorobot2_ws/install/obstacle_perception:/home/pitosalas/linorobot2_ws/install/dome:/home/pitosalas/linorobot2_ws/install/lib_ros_examples:/opt/ros/jazzy:/home/pitosalas/linorobot2_ws/install/looker:/home/pitosalas/linorobot2_ws/install/local_costmapper:/home/pitosalas/linorobot2_ws/install/linorobot2_navigation:/home/pitosalas/linorobot2_ws/install/linorobot2_gazebo:/home/pitosalas/linorobot2_ws/install/linorobot2_description:/home/pitosalas/linorobot2_ws/install/linorobot2_bringup:/home/pitosalas/linorobot2_ws/install/linorobot2_base:/home/pitosalas/linorobot2_ws/install/linorobot2:/home/pitosalas/linorobot2_ws/install/imu_calib:/home/pitosalas/linorobot2_ws/install/hls_lfcd_lds_driver:/home/pitosalas/linorobot2_ws/install/dome_interfaces:/home/pitosalas/uros_ws/install/micro_ros_agent:/home/pitosalas/uros_ws/install/micro_ros_msgs:/opt/ros/jazzy/opt/gz_sim_vendor:/opt/ros/jazzy/opt/gz_sensors_vendor:/opt/ros/jazzy/opt/gz_physics_vendor:/opt/ros/jazzy/opt/sdformat_vendor:/opt/ros/jazzy/opt/gz_gui_vendor:/opt/ros/jazzy/opt/gz_transport_vendor:/opt/ros/jazzy/opt/gz_rendering_vendor:/opt/ros/jazzy/opt/gz_plugin_vendor:/opt/ros/jazzy/opt/gz_fuel_tools_vendor:/opt/ros/jazzy/opt/gz_msgs_vendor:/opt/ros/jazzy/opt/gz_common_vendor:/opt/ros/jazzy/opt/gz_math_vendor:/opt/ros/jazzy/opt/gz_utils_vendor:/opt/ros/jazzy/opt/gz_tools_vendor:/opt/ros/jazzy/opt/gz_ogre_next_vendor:/opt/ros/jazzy/opt/gz_dartsim_vendor:/opt/ros/jazzy/opt/gz_cmake_vendor', 'ROS2_WS': 'linorobot2_ws'}), 'shell': False}
[0.106445] (-) TimerEvent: {}
[0.207128] (-) TimerEvent: {}
[0.311605] (-) TimerEvent: {}
[0.412458] (-) TimerEvent: {}
[0.515678] (-) TimerEvent: {}
[0.530801] (nav_tools) StdoutLine: {'line': b'[ 50%] \x1b[32mBuilding CXX object CMakeFiles/costmap_node.dir/src/costmap_node.cpp.o\x1b[0m\n'}
[0.615889] (-) TimerEvent: {}
[0.717538] (-) TimerEvent: {}
[0.820520] (-) TimerEvent: {}
[0.921246] (-) TimerEvent: {}
[1.022170] (-) TimerEvent: {}
[1.126527] (-) TimerEvent: {}
[1.227329] (-) TimerEvent: {}
[1.328273] (-) TimerEvent: {}
[1.429118] (-) TimerEvent: {}
[1.532541] (-) TimerEvent: {}
[1.633423] (-) TimerEvent: {}
[1.734274] (-) TimerEvent: {}
[1.835109] (-) TimerEvent: {}
[1.939599] (-) TimerEvent: {}
[2.040535] (-) TimerEvent: {}
[2.141313] (-) TimerEvent: {}
[2.242107] (-) TimerEvent: {}
[2.345533] (-) TimerEvent: {}
[2.446379] (-) TimerEvent: {}
[2.547183] (-) TimerEvent: {}
[2.648003] (-) TimerEvent: {}
[2.750559] (-) TimerEvent: {}
[2.855955] (-) TimerEvent: {}
[2.957447] (-) TimerEvent: {}
[3.058184] (-) TimerEvent: {}
[3.158890] (-) TimerEvent: {}
[3.259763] (-) TimerEvent: {}
[3.360556] (-) TimerEvent: {}
[3.461307] (-) TimerEvent: {}
[3.562189] (-) TimerEvent: {}
[3.663176] (-) TimerEvent: {}
[3.764221] (-) TimerEvent: {}
[3.865067] (-) TimerEvent: {}
[3.965956] (-) TimerEvent: {}
[4.066863] (-) TimerEvent: {}
[4.167807] (-) TimerEvent: {}
[4.269127] (-) TimerEvent: {}
[4.369984] (-) TimerEvent: {}
[4.471034] (-) TimerEvent: {}
[4.571903] (-) TimerEvent: {}
[4.673527] (-) TimerEvent: {}
[4.775743] (-) TimerEvent: {}
[4.877829] (-) TimerEvent: {}
[4.979786] (-) TimerEvent: {}
[5.080659] (-) TimerEvent: {}
[5.181567] (-) TimerEvent: {}
[5.282494] (-) TimerEvent: {}
[5.383549] (-) TimerEvent: {}
[5.484524] (-) TimerEvent: {}
[5.585449] (-) TimerEvent: {}
[5.686510] (-) TimerEvent: {}
[5.787337] (-) TimerEvent: {}
[5.888299] (-) TimerEvent: {}
[5.989288] (-) TimerEvent: {}
[6.090152] (-) TimerEvent: {}
[6.191286] (-) TimerEvent: {}
[6.292176] (-) TimerEvent: {}
[6.393123] (-) TimerEvent: {}
[6.494030] (-) TimerEvent: {}
[6.595044] (-) TimerEvent: {}
[6.695920] (-) TimerEvent: {}
[6.796882] (-) TimerEvent: {}
[6.897748] (-) TimerEvent: {}
[6.998699] (-) TimerEvent: {}
[7.100035] (-) TimerEvent: {}
[7.201094] (-) TimerEvent: {}
[7.301987] (-) TimerEvent: {}
[7.403043] (-) TimerEvent: {}
[7.504019] (-) TimerEvent: {}
[7.605693] (-) TimerEvent: {}
[7.706642] (-) TimerEvent: {}
[7.807519] (-) TimerEvent: {}
[7.908424] (-) TimerEvent: {}
[8.009864] (-) TimerEvent: {}
[8.110706] (-) TimerEvent: {}
[8.212018] (-) TimerEvent: {}
[8.313121] (-) TimerEvent: {}
[8.414225] (-) TimerEvent: {}
[8.515071] (-) TimerEvent: {}
[8.616734] (-) TimerEvent: {}
[8.717554] (-) TimerEvent: {}
[8.818962] (-) TimerEvent: {}
[8.920045] (-) TimerEvent: {}
[9.021139] (-) TimerEvent: {}
[9.122048] (-) TimerEvent: {}
[9.223226] (-) TimerEvent: {}
[9.324095] (-) TimerEvent: {}
[9.425050] (-) TimerEvent: {}
[9.525939] (-) TimerEvent: {}
[9.626919] (-) TimerEvent: {}
[9.727900] (-) TimerEvent: {}
[9.828810] (-) TimerEvent: {}
[9.929831] (-) TimerEvent: {}
[10.030699] (-) TimerEvent: {}
[10.131656] (-) TimerEvent: {}
[10.232515] (-) TimerEvent: {}
[10.333811] (-) TimerEvent: {}
[10.434666] (-) TimerEvent: {}
[10.535515] (-) TimerEvent: {}
[10.636440] (-) TimerEvent: {}
[10.737323] (-) TimerEvent: {}
[10.838287] (-) TimerEvent: {}
[10.939176] (-) TimerEvent: {}
[11.040055] (-) TimerEvent: {}
[11.141475] (-) TimerEvent: {}
[11.242459] (-) TimerEvent: {}
[11.343292] (-) TimerEvent: {}
[11.444436] (-) TimerEvent: {}
[11.545238] (-) TimerEvent: {}
[11.646128] (-) TimerEvent: {}
[11.748691] (-) TimerEvent: {}
[11.851121] (-) TimerEvent: {}
[11.952450] (-) TimerEvent: {}
[12.054683] (-) TimerEvent: {}
[12.155712] (-) TimerEvent: {}
[12.258887] (-) TimerEvent: {}
[12.361254] (-) TimerEvent: {}
[12.463022] (-) TimerEvent: {}
[12.564807] (-) TimerEvent: {}
[12.665645] (-) TimerEvent: {}
[12.766959] (-) TimerEvent: {}
[12.867847] (-) TimerEvent: {}
[12.970103] (-) TimerEvent: {}
[13.071285] (-) TimerEvent: {}
[13.172572] (-) TimerEvent: {}
[13.273458] (-) TimerEvent: {}
[13.374280] (-) TimerEvent: {}
[13.475616] (-) TimerEvent: {}
[13.576519] (-) TimerEvent: {}
[13.677399] (-) TimerEvent: {}
[13.778709] (-) TimerEvent: {}
[13.880031] (-) TimerEvent: {}
[13.981738] (-) TimerEvent: {}
[14.082555] (-) TimerEvent: {}
[14.183402] (-) TimerEvent: {}
[14.284282] (-) TimerEvent: {}
[14.385859] (-) TimerEvent: {}
[14.486824] (-) TimerEvent: {}
[14.587734] (-) TimerEvent: {}
[14.688718] (-) TimerEvent: {}
[14.789553] (-) TimerEvent: {}
[14.890413] (-) TimerEvent: {}
[14.991300] (-) TimerEvent: {}
[15.092238] (-) TimerEvent: {}
[15.193137] (-) TimerEvent: {}
[15.294040] (-) TimerEvent: {}
[15.394915] (-) TimerEvent: {}
[15.496681] (-) TimerEvent: {}
[15.598462] (-) TimerEvent: {}
[15.700169] (-) TimerEvent: {}
[15.801867] (-) TimerEvent: {}
[15.903180] (-) TimerEvent: {}
[16.004060] (-) TimerEvent: {}
[16.104958] (-) TimerEvent: {}
[16.205831] (-) TimerEvent: {}
[16.306741] (-) TimerEvent: {}
[16.407740] (-) TimerEvent: {}
[16.508559] (-) TimerEvent: {}
[16.609548] (-) TimerEvent: {}
[16.710476] (-) TimerEvent: {}
[16.811504] (-) TimerEvent: {}
[16.912426] (-) TimerEvent: {}
[17.013440] (-) TimerEvent: {}
[17.114272] (-) TimerEvent: {}
[17.215229] (-) TimerEvent: {}
[17.316185] (-) TimerEvent: {}
[17.417080] (-) TimerEvent: {}
[17.518237] (-) TimerEvent: {}
[17.619203] (-) TimerEvent: {}
[17.720265] (-) TimerEvent: {}
[17.821269] (-) TimerEvent: {}
[17.922252] (-) TimerEvent: {}
[18.023130] (-) TimerEvent: {}
[18.124161] (-) TimerEvent: {}
[18.225153] (-) TimerEvent: {}
[18.326810] (-) TimerEvent: {}
[18.427791] (-) TimerEvent: {}
[18.529079] (-) TimerEvent: {}
[18.629959] (-) TimerEvent: {}
[18.731248] (-) TimerEvent: {}
[18.832139] (-) TimerEvent: {}
[18.933587] (-) TimerEvent: {}
[19.034425] (-) TimerEvent: {}
[19.135243] (-) TimerEvent: {}
[19.236165] (-) TimerEvent: {}
[19.337112] (-) TimerEvent: {}
[19.438018] (-) TimerEvent: {}
[19.539736] (-) TimerEvent: {}
[19.640776] (-) TimerEvent: {}
[19.741663] (-) TimerEvent: {}
[19.842555] (-) TimerEvent: {}
[19.943486] (-) TimerEvent: {}
[20.044478] (-) TimerEvent: {}
[20.145397] (-) TimerEvent: {}
[20.246542] (-) TimerEvent: {}
[20.347439] (-) TimerEvent: {}
[20.448297] (-) TimerEvent: {}
[20.549279] (-) TimerEvent: {}
[20.650282] (-) TimerEvent: {}
[20.751247] (-) TimerEvent: {}
[20.852207] (-) TimerEvent: {}
[20.953225] (-) TimerEvent: {}
[21.054115] (-) TimerEvent: {}
[21.155008] (-) TimerEvent: {}
[21.256035] (-) TimerEvent: {}
[21.356962] (-) TimerEvent: {}
[21.458124] (-) TimerEvent: {}
[21.559223] (-) TimerEvent: {}
[21.660104] (-) TimerEvent: {}
[21.761005] (-) TimerEvent: {}
[21.862019] (-) TimerEvent: {}
[21.962907] (-) TimerEvent: {}
[22.063794] (-) TimerEvent: {}
[22.164698] (-) TimerEvent: {}
[22.265541] (-) TimerEvent: {}
[22.367156] (-) TimerEvent: {}
[22.469562] (-) TimerEvent: {}
[22.570900] (-) TimerEvent: {}
[22.672190] (-) TimerEvent: {}
[22.773268] (-) TimerEvent: {}
[22.874181] (-) TimerEvent: {}
[22.976765] (-) TimerEvent: {}
[23.078492] (-) TimerEvent: {}
[23.179409] (-) TimerEvent: {}
[23.280646] (-) TimerEvent: {}
[23.382751] (-) TimerEvent: {}
[23.483565] (-) TimerEvent: {}
[23.584932] (-) TimerEvent: {}
[23.686288] (-) TimerEvent: {}
[23.787242] (-) TimerEvent: {}
[23.888243] (-) TimerEvent: {}
[23.989225] (-) TimerEvent: {}
[24.090202] (-) TimerEvent: {}
[24.191120] (-) TimerEvent: {}
[24.292055] (-) TimerEvent: {}
[24.392913] (-) TimerEvent: {}
[24.493848] (-) TimerEvent: {}
[24.594983] (-) TimerEvent: {}
[24.695975] (-) TimerEvent: {}
[24.796932] (-) TimerEvent: {}
[24.898044] (-) TimerEvent: {}
[24.999149] (-) TimerEvent: {}
[25.100036] (-) TimerEvent: {}
[25.201196] (-) TimerEvent: {}
[25.302994] (-) TimerEvent: {}
[25.404020] (-) TimerEvent: {}
[25.505127] (-) TimerEvent: {}
[25.606052] (-) TimerEvent: {}
[25.707115] (-) TimerEvent: {}
[25.808067] (-) TimerEvent: {}
[25.909049] (-) TimerEvent: {}
[26.009974] (-) TimerEvent: {}
[26.111259] (-) TimerEvent: {}
[26.212160] (-) TimerEvent: {}
[26.313240] (-) TimerEvent: {}
[26.415055] (-) TimerEvent: {}
[26.516076] (-) TimerEvent: {}
[26.617163] (-) TimerEvent: {}
[26.718452] (-) TimerEvent: {}
[26.820078] (-) TimerEvent: {}
[26.921037] (-) TimerEvent: {}
[27.021921] (-) TimerEvent: {}
[27.123012] (-) TimerEvent: {}
[27.225072] (-) TimerEvent: {}
[27.325950] (-) TimerEvent: {}
[27.426816] (-) TimerEvent: {}
[27.528100] (-) TimerEvent: {}
[27.629105] (-) TimerEvent: {}
[27.730015] (-) TimerEvent: {}
[27.830929] (-) TimerEvent: {}
[27.931813] (-) TimerEvent: {}
[28.032761] (-) TimerEvent: {}
[28.133643] (-) TimerEvent: {}
[28.235312] (-) TimerEvent: {}
[28.336945] (-) TimerEvent: {}
[28.437842] (-) TimerEvent: {}
[28.538907] (-) TimerEvent: {}
[28.640017] (-) TimerEvent: {}
[28.741137] (-) TimerEvent: {}
[28.842150] (-) TimerEvent: {}
[28.943536] (-) TimerEvent: {}
[29.045670] (-) TimerEvent: {}
[29.147028] (-) TimerEvent: {}
[29.247921] (-) TimerEvent: {}
[29.348906] (-) TimerEvent: {}
[29.449826] (-) TimerEvent: {}
[29.550686] (-) TimerEvent: {}
[29.651565] (-) TimerEvent: {}
[29.752844] (-) TimerEvent: {}
[29.853813] (-) TimerEvent: {}
[29.954729] (-) TimerEvent: {}
[30.055529] (-) TimerEvent: {}
[30.157171] (-) TimerEvent: {}
[30.259046] (-) TimerEvent: {}
[30.359910] (-) TimerEvent: {}
[30.461413] (-) TimerEvent: {}
[30.562698] (-) TimerEvent: {}
[30.663556] (-) TimerEvent: {}
[30.764519] (-) TimerEvent: {}
[30.865487] (-) TimerEvent: {}
[30.966284] (-) TimerEvent: {}
[31.067141] (-) TimerEvent: {}
[31.168185] (-) TimerEvent: {}
[31.269191] (-) TimerEvent: {}
[31.323586] (nav_tools) StdoutLine: {'line': b'[100%] \x1b[32m\x1b[1mLinking CXX executable costmap_node\x1b[0m\n'}
[31.369507] (-) TimerEvent: {}
[31.470487] (-) TimerEvent: {}
[31.571494] (-) TimerEvent: {}
[31.672719] (-) TimerEvent: {}
[31.774085] (-) TimerEvent: {}
[31.875275] (-) TimerEvent: {}
[31.976545] (-) TimerEvent: {}
[32.077494] (-) TimerEvent: {}
[32.178441] (-) TimerEvent: {}
[32.279415] (-) TimerEvent: {}
[32.380448] (-) TimerEvent: {}
[32.481603] (-) TimerEvent: {}
[32.582882] (-) TimerEvent: {}
[32.683859] (-) TimerEvent: {}
[32.785330] (-) TimerEvent: {}
[32.887565] (-) TimerEvent: {}
[32.988560] (-) TimerEvent: {}
[33.089715] (-) TimerEvent: {}
[33.190553] (-) TimerEvent: {}
[33.291755] (-) TimerEvent: {}
[33.392949] (-) TimerEvent: {}
[33.493965] (-) TimerEvent: {}
[33.594861] (-) TimerEvent: {}
[33.695895] (-) TimerEvent: {}
[33.796999] (-) TimerEvent: {}
[33.898046] (-) TimerEvent: {}
[33.982704] (nav_tools) StdoutLine: {'line': b'[100%] Built target costmap_node\n'}
[33.998375] (-) TimerEvent: {}
[34.058382] (nav_tools) CommandEnded: {'returncode': 0}
[34.062369] (nav_tools) JobProgress: {'identifier': 'nav_tools', 'progress': 'install'}
[34.098556] (-) TimerEvent: {}
[34.129593] (nav_tools) Command: {'cmd': ['/usr/bin/cmake', '--install', '/home/pitosalas/linorobot2_ws/src/nav_tools/build/nav_tools'], 'cwd': '/home/pitosalas/linorobot2_ws/src/nav_tools/build/nav_tools', 'env': OrderedDict({'LINOROBOT2_BASE': '2wd', 'TMUX': '/tmp/tmux-1000/default,1974,0', 'USER': 'pitosalas', 'SSH_CLIENT': '192.168.5.76 54573 22', 'GZ_CONFIG_PATH': '/opt/ros/jazzy/opt/gz_sim_vendor/share/gz:/opt/ros/jazzy/opt/sdformat_vendor/share/gz:/opt/ros/jazzy/opt/gz_gui_vendor/share/gz:/opt/ros/jazzy/opt/gz_transport_vendor/share/gz:/opt/ros/jazzy/opt/gz_rendering_vendor/share/gz:/opt/ros/jazzy/opt/gz_plugin_vendor/share/gz:/opt/ros/jazzy/opt/gz_fuel_tools_vendor/share/gz:/opt/ros/jazzy/opt/gz_msgs_vendor/share/gz:/opt/ros/jazzy/opt/gz_common_vendor/share/gz', 'XDG_SESSION_TYPE': 'tty', 'MCFLY_HISTFILE': '/home/pitosalas/.bash_history', 'SHLVL': '2', 'LD_LIBRARY_PATH': '/home/pitosalas/linorobot2_ws/install/dome_interfaces/lib:/home/pitosalas/uros_ws/install/micro_ros_agent/lib:/home/pitosalas/uros_ws/install/micro_ros_msgs/lib:/opt/ros/jazzy/opt/gz_sim_vendor/lib:/opt/ros/jazzy/opt/gz_sensors_vendor/lib:/opt/ros/jazzy/opt/gz_physics_vendor/lib:/opt/ros/jazzy/opt/sdformat_vendor/lib:/opt/ros/jazzy/opt/rviz_ogre_vendor/lib:/opt/ros/jazzy/lib/aarch64-linux-gnu:/opt/ros/jazzy/opt/gz_gui_vendor/lib:/opt/ros/jazzy/opt/gz_transport_vendor/lib:/opt/ros/jazzy/opt/gz_rendering_vendor/lib:/opt/ros/jazzy/opt/gz_plugin_vendor/lib:/opt/ros/jazzy/opt/gz_fuel_tools_vendor/lib:/opt/ros/jazzy/opt/gz_msgs_vendor/lib:/opt/ros/jazzy/opt/gz_common_vendor/lib:/opt/ros/jazzy/opt/gz_math_vendor/lib:/opt/ros/jazzy/opt/gz_utils_vendor/lib:/opt/ros/jazzy/opt/gz_tools_vendor/lib:/opt/ros/jazzy/opt/gz_ogre_next_vendor/lib:/opt/ros/jazzy/opt/gz_dartsim_vendor/lib:/opt/ros/jazzy/opt/gz_cmake_vendor/lib:/opt/ros/jazzy/lib', 'HOME': '/home/pitosalas', 'MCFLY_HISTORY': '/tmp/mcfly.7R4RvEUM', 'OLDPWD': '/home/pitosalas/linorobot2_ws/src', 'TERM_PROGRAM_VERSION': '3.4', 'SSH_TTY': '/dev/pts/4', 'ROS_PYTHON_VERSION': '3', 'PS1': '[\\h:\\w]', 'DBUS_SESSION_BUS_ADDRESS': 'unix:path=/run/user/1000/bus', 'LC_TERMINAL_VERSION': '3.5.12', 'COLCON_PREFIX_PATH': '/home/pitosalas/linorobot2_ws/install:/home/pitosalas/uros_ws/install', 'ROS_DISTRO': 'jazzy', 'LOGNAME': 'pitosalas', '_': '/usr/bin/colcon', 'ROS_VERSION': '2', 'XDG_SESSION_CLASS': 'user', 'TERM': 'tmux-256color', 'XDG_SESSION_ID': '4', 'HISTCONTROL': 'ignorespace', 'PATH': '/home/pitosalas/.local/bin:/home/pitosalas/.local/bin:/opt/ros/jazzy/opt/gz_msgs_vendor/bin:/opt/ros/jazzy/opt/gz_tools_vendor/bin:/opt/ros/jazzy/opt/gz_ogre_next_vendor/bin:/opt/ros/jazzy/bin:/usr/local/sbin:/usr/local/bin:/usr/sbin:/usr/bin:/sbin:/bin:/usr/games:/usr/local/games:/snap/bin:/home/pitosalas/.local/bin:/home/pitosalas/.platformio/penv/bin:/home/pitosalas/.local/bin:/home/pitosalas/.platformio/penv/bin', 'XDG_RUNTIME_DIR': '/run/user/1000', 'LANG': 'en_US.UTF-8', 'TERM_PROGRAM': 'tmux', 'AMENT_PREFIX_PATH': '/home/pitosalas/linorobot2_ws/install/status_panel:/home/pitosalas/linorobot2_ws/install/obstacle_perception:/home/pitosalas/linorobot2_ws/install/my_cxx_package:/home/pitosalas/linorobot2_ws/install/mini_nav2:/home/pitosalas/linorobot2_ws/install/micro_ros_setup:/home/pitosalas/linorobot2_ws/install/looker:/home/pitosalas/linorobot2_ws/install/local_costmapper:/home/pitosalas/linorobot2_ws/install/linorobot2_navigation:/home/pitosalas/linorobot2_ws/install/linorobot2_gazebo:/home/pitosalas/linorobot2_ws/install/dome:/home/pitosalas/linorobot2_ws/install/linorobot2_description:/home/pitosalas/linorobot2_ws/install/linorobot2_bringup:/home/pitosalas/linorobot2_ws/install/linorobot2_base:/home/pitosalas/linorobot2_ws/install/linorobot2:/home/pitosalas/linorobot2_ws/install/lib_ros_examples:/home/pitosalas/linorobot2_ws/install/imu_calib:/home/pitosalas/linorobot2_ws/install/hls_lfcd_lds_driver:/home/pitosalas/linorobot2_ws/install/dome_interfaces:/home/pitosalas/uros_ws/install/micro_ros_agent:/home/pitosalas/uros_ws/install/micro_ros_msgs:/opt/ros/jazzy', 'SHELL': '/bin/bash', 'LC_TERMINAL': 'iTerm2', 'ROS_AUTOMATIC_DISCOVERY_RANGE': 'SUBNET', 'PWD': '/home/pitosalas/linorobot2_ws/src/nav_tools/build/nav_tools', 'MCFLY_SESSION_ID': 'P5hZ6U8PeCHS2xZrzBY08Hgw', 'LC_ALL': 'en_US.UTF-8', 'SSH_CONNECTION': '192.168.5.76 54573 192.168.5.118 22', 'XDG_DATA_DIRS': '/usr/local/share:/usr/share:/var/lib/snapd/desktop', 'LINOROBOT2_DEPTH_SENSOR': '', 'PYTHONPATH': '/home/pitosalas/linorobot2_ws/install/status_panel/lib/python3.12/site-packages:/home/pitosalas/linorobot2_ws/install/obstacle_perception/lib/python3.12/site-packages:/home/pitosalas/linorobot2_ws/install/linorobot2_gazebo/lib/python3.12/site-packages:/home/pitosalas/linorobot2_ws/install/dome/lib/python3.12/site-packages:/home/pitosalas/linorobot2_ws/install/lib_ros_examples/lib/python3.12/site-packages:/home/pitosalas/linorobot2_ws/install/dome_interfaces/lib/python3.12/site-packages:/home/pitosalas/uros_ws/install/micro_ros_msgs/lib/python3.12/site-packages:/opt/ros/jazzy/lib/python3.12/site-packages', 'COLCON': '1', 'LINOROBOT2_LASER_SENSOR': '', 'TMUX_PANE': '%0', 'CMAKE_PREFIX_PATH': '/home/pitosalas/linorobot2_ws/install/my_cxx_package:/home/pitosalas/linorobot2_ws/install/mini_nav2:/home/pitosalas/linorobot2_ws/install/micro_ros_setup:/home/pitosalas/linorobot2_ws/install/status_panel:/home/pitosalas/linorobot2_ws/install/obstacle_perception:/home/pitosalas/linorobot2_ws/install/dome:/home/pitosalas/linorobot2_ws/install/lib_ros_examples:/opt/ros/jazzy:/home/pitosalas/linorobot2_ws/install/looker:/home/pitosalas/linorobot2_ws/install/local_costmapper:/home/pitosalas/linorobot2_ws/install/linorobot2_navigation:/home/pitosalas/linorobot2_ws/install/linorobot2_gazebo:/home/pitosalas/linorobot2_ws/install/linorobot2_description:/home/pitosalas/linorobot2_ws/install/linorobot2_bringup:/home/pitosalas/linorobot2_ws/install/linorobot2_base:/home/pitosalas/linorobot2_ws/install/linorobot2:/home/pitosalas/linorobot2_ws/install/imu_calib:/home/pitosalas/linorobot2_ws/install/hls_lfcd_lds_driver:/home/pitosalas/linorobot2_ws/install/dome_interfaces:/home/pitosalas/uros_ws/install/micro_ros_agent:/home/pitosalas/uros_ws/install/micro_ros_msgs:/opt/ros/jazzy/opt/gz_sim_vendor:/opt/ros/jazzy/opt/gz_sensors_vendor:/opt/ros/jazzy/opt/gz_physics_vendor:/opt/ros/jazzy/opt/sdformat_vendor:/opt/ros/jazzy/opt/gz_gui_vendor:/opt/ros/jazzy/opt/gz_transport_vendor:/opt/ros/jazzy/opt/gz_rendering_vendor:/opt/ros/jazzy/opt/gz_plugin_vendor:/opt/ros/jazzy/opt/gz_fuel_tools_vendor:/opt/ros/jazzy/opt/gz_msgs_vendor:/opt/ros/jazzy/opt/gz_common_vendor:/opt/ros/jazzy/opt/gz_math_vendor:/opt/ros/jazzy/opt/gz_utils_vendor:/opt/ros/jazzy/opt/gz_tools_vendor:/opt/ros/jazzy/opt/gz_ogre_next_vendor:/opt/ros/jazzy/opt/gz_dartsim_vendor:/opt/ros/jazzy/opt/gz_cmake_vendor', 'ROS2_WS': 'linorobot2_ws'}), 'shell': False}
[34.187996] (nav_tools) StdoutLine: {'line': b'-- Install configuration: ""\n'}
[34.190252] (nav_tools) StdoutLine: {'line': b'-- Installing: /home/pitosalas/linorobot2_ws/src/nav_tools/install/nav_tools/lib/nav_tools/costmap_node\n'}
[34.200526] (-) TimerEvent: {}
[34.201240] (nav_tools) StdoutLine: {'line': b'-- Set non-toolchain portion of runtime path of "/home/pitosalas/linorobot2_ws/src/nav_tools/install/nav_tools/lib/nav_tools/costmap_node" to ""\n'}
[34.202247] (nav_tools) StdoutLine: {'line': b'-- Installing: /home/pitosalas/linorobot2_ws/src/nav_tools/install/nav_tools/share/ament_index/resource_index/package_run_dependencies/nav_tools\n'}
[34.204378] (nav_tools) StdoutLine: {'line': b'-- Installing: /home/pitosalas/linorobot2_ws/src/nav_tools/install/nav_tools/share/ament_index/resource_index/parent_prefix_path/nav_tools\n'}
[34.206402] (nav_tools) StdoutLine: {'line': b'-- Installing: /home/pitosalas/linorobot2_ws/src/nav_tools/install/nav_tools/share/nav_tools/environment/ament_prefix_path.sh\n'}
[34.207748] (nav_tools) StdoutLine: {'line': b'-- Installing: /home/pitosalas/linorobot2_ws/src/nav_tools/install/nav_tools/share/nav_tools/environment/ament_prefix_path.dsv\n'}
[34.209132] (nav_tools) StdoutLine: {'line': b'-- Installing: /home/pitosalas/linorobot2_ws/src/nav_tools/install/nav_tools/share/nav_tools/environment/path.sh\n'}
[34.210746] (nav_tools) StdoutLine: {'line': b'-- Installing: /home/pitosalas/linorobot2_ws/src/nav_tools/install/nav_tools/share/nav_tools/environment/path.dsv\n'}
[34.212115] (nav_tools) StdoutLine: {'line': b'-- Installing: /home/pitosalas/linorobot2_ws/src/nav_tools/install/nav_tools/share/nav_tools/local_setup.bash\n'}
[34.213543] (nav_tools) StdoutLine: {'line': b'-- Installing: /home/pitosalas/linorobot2_ws/src/nav_tools/install/nav_tools/share/nav_tools/local_setup.sh\n'}
[34.214892] (nav_tools) StdoutLine: {'line': b'-- Installing: /home/pitosalas/linorobot2_ws/src/nav_tools/install/nav_tools/share/nav_tools/local_setup.zsh\n'}
[34.216278] (nav_tools) StdoutLine: {'line': b'-- Installing: /home/pitosalas/linorobot2_ws/src/nav_tools/install/nav_tools/share/nav_tools/local_setup.dsv\n'}
[34.217623] (nav_tools) StdoutLine: {'line': b'-- Installing: /home/pitosalas/linorobot2_ws/src/nav_tools/install/nav_tools/share/nav_tools/package.dsv\n'}
[34.219568] (nav_tools) StdoutLine: {'line': b'-- Installing: /home/pitosalas/linorobot2_ws/src/nav_tools/install/nav_tools/share/ament_index/resource_index/packages/nav_tools\n'}
[34.221255] (nav_tools) StdoutLine: {'line': b'-- Installing: /home/pitosalas/linorobot2_ws/src/nav_tools/install/nav_tools/share/nav_tools/cmake/nav_toolsConfig.cmake\n'}
[34.222497] (nav_tools) StdoutLine: {'line': b'-- Installing: /home/pitosalas/linorobot2_ws/src/nav_tools/install/nav_tools/share/nav_tools/cmake/nav_toolsConfig-version.cmake\n'}
[34.223861] (nav_tools) StdoutLine: {'line': b'-- Installing: /home/pitosalas/linorobot2_ws/src/nav_tools/install/nav_tools/share/nav_tools/package.xml\n'}
[34.231556] (nav_tools) CommandEnded: {'returncode': 0}
[34.300789] (-) TimerEvent: {}
[34.324599] (nav_tools) JobEnded: {'identifier': 'nav_tools', 'rc': 0}
[34.328907] (-) EventReactorShutdown: {}
