[0.847s] DEBUG:colcon:Command line arguments: ['/usr/bin/colcon', 'build', '--packages-select', 'nav_tools']
[0.847s] DEBUG:colcon:Parsed command line arguments: Namespace(log_base=None, log_level=None, verb_name='build', build_base='build', install_base='install', merge_install=False, symlink_install=False, test_result_base=None, continue_on_error=False, executor='parallel', parallel_workers=4, event_handlers=None, ignore_user_meta=False, metas=['./colcon.meta'], base_paths=['.'], packages_ignore=None, packages_ignore_regex=None, paths=None, packages_up_to=None, packages_up_to_regex=None, packages_above=None, packages_above_and_dependencies=None, packages_above_depth=None, packages_select_by_dep=None, packages_skip_by_dep=None, packages_skip_up_to=None, packages_select_build_failed=False, packages_skip_build_finished=False, packages_select_test_failures=False, packages_skip_test_passed=False, packages_select=['nav_tools'], packages_skip=None, packages_select_regex=None, packages_skip_regex=None, packages_start=None, packages_end=None, allow_overriding=[], cmake_args=None, cmake_target=None, cmake_target_skip_unavailable=False, cmake_clean_cache=False, cmake_clean_first=False, cmake_force_configure=False, ament_cmake_args=None, catkin_cmake_args=None, catkin_skip_building_tests=False, mixin_files=None, mixin=None, verb_parser=<colcon_mixin.mixin.mixin_argument.MixinArgumentDecorator object at 0xffffb4c44a40>, verb_extension=<colcon_core.verb.build.BuildVerb object at 0xffffb4c447a0>, main=<bound method BuildVerb.main of <colcon_core.verb.build.BuildVerb object at 0xffffb4c447a0>>, mixin_verb=('build',))
[1.109s] Level 1:colcon.colcon_core.package_discovery:discover_packages(colcon_meta) check parameters
[1.110s] Level 1:colcon.colcon_core.package_discovery:discover_packages(recursive) check parameters
[1.110s] Level 1:colcon.colcon_core.package_discovery:discover_packages(ignore) check parameters
[1.110s] Level 1:colcon.colcon_core.package_discovery:discover_packages(path) check parameters
[1.111s] Level 1:colcon.colcon_core.package_discovery:discover_packages(colcon_meta) discover
[1.111s] Level 1:colcon.colcon_core.package_discovery:discover_packages(recursive) discover
[1.111s] INFO:colcon.colcon_core.package_discovery:Crawling recursively for packages in '/home/pitosalas/linorobot2_ws/src/nav_tools'
[1.112s] Level 1:colcon.colcon_core.package_identification:_identify(.) by extensions ['ignore', 'ignore_ament_install']
[1.112s] Level 1:colcon.colcon_core.package_identification:_identify(.) by extension 'ignore'
[1.113s] Level 1:colcon.colcon_core.package_identification:_identify(.) by extension 'ignore_ament_install'
[1.113s] Level 1:colcon.colcon_core.package_identification:_identify(.) by extensions ['colcon_pkg']
[1.114s] Level 1:colcon.colcon_core.package_identification:_identify(.) by extension 'colcon_pkg'
[1.114s] Level 1:colcon.colcon_core.package_identification:_identify(.) by extensions ['colcon_meta']
[1.114s] Level 1:colcon.colcon_core.package_identification:_identify(.) by extension 'colcon_meta'
[1.114s] Level 1:colcon.colcon_core.package_identification:_identify(.) by extensions ['ros']
[1.115s] Level 1:colcon.colcon_core.package_identification:_identify(.) by extension 'ros'
[1.279s] DEBUG:colcon.colcon_core.package_identification:Package '.' with type 'ros.ament_cmake' and name 'nav_tools'
[1.279s] Level 1:colcon.colcon_core.package_discovery:discover_packages(recursive) using defaults
[1.280s] Level 1:colcon.colcon_core.package_discovery:discover_packages(ignore) discover
[1.280s] Level 1:colcon.colcon_core.package_discovery:discover_packages(ignore) using defaults
[1.280s] Level 1:colcon.colcon_core.package_discovery:discover_packages(path) discover
[1.280s] Level 1:colcon.colcon_core.package_discovery:discover_packages(path) using defaults
[1.380s] Level 1:colcon.colcon_core.package_discovery:discover_packages(prefix_path) check parameters
[1.380s] Level 1:colcon.colcon_core.package_discovery:discover_packages(prefix_path) discover
[1.403s] DEBUG:colcon.colcon_installed_package_information.package_discovery:Found 18 installed packages in /home/pitosalas/linorobot2_ws/install
[1.408s] DEBUG:colcon.colcon_installed_package_information.package_discovery:Found 2 installed packages in /home/pitosalas/uros_ws/install
[1.426s] DEBUG:colcon.colcon_installed_package_information.package_discovery:Found 397 installed packages in /opt/ros/jazzy
[1.440s] Level 1:colcon.colcon_core.package_discovery:discover_packages(prefix_path) using defaults
[1.873s] Level 5:colcon.colcon_core.verb:set package 'nav_tools' build argument 'cmake_args' from command line to 'None'
[1.873s] Level 5:colcon.colcon_core.verb:set package 'nav_tools' build argument 'cmake_target' from command line to 'None'
[1.874s] Level 5:colcon.colcon_core.verb:set package 'nav_tools' build argument 'cmake_target_skip_unavailable' from command line to 'False'
[1.874s] Level 5:colcon.colcon_core.verb:set package 'nav_tools' build argument 'cmake_clean_cache' from command line to 'False'
[1.874s] Level 5:colcon.colcon_core.verb:set package 'nav_tools' build argument 'cmake_clean_first' from command line to 'False'
[1.874s] Level 5:colcon.colcon_core.verb:set package 'nav_tools' build argument 'cmake_force_configure' from command line to 'False'
[1.875s] Level 5:colcon.colcon_core.verb:set package 'nav_tools' build argument 'ament_cmake_args' from command line to 'None'
[1.875s] Level 5:colcon.colcon_core.verb:set package 'nav_tools' build argument 'catkin_cmake_args' from command line to 'None'
[1.875s] Level 5:colcon.colcon_core.verb:set package 'nav_tools' build argument 'catkin_skip_building_tests' from command line to 'False'
[1.875s] DEBUG:colcon.colcon_core.verb:Building package 'nav_tools' with the following arguments: {'ament_cmake_args': None, 'build_base': '/home/pitosalas/linorobot2_ws/src/nav_tools/build/nav_tools', 'catkin_cmake_args': None, 'catkin_skip_building_tests': False, 'cmake_args': None, 'cmake_clean_cache': False, 'cmake_clean_first': False, 'cmake_force_configure': False, 'cmake_target': None, 'cmake_target_skip_unavailable': False, 'install_base': '/home/pitosalas/linorobot2_ws/src/nav_tools/install/nav_tools', 'merge_install': False, 'path': '/home/pitosalas/linorobot2_ws/src/nav_tools', 'symlink_install': False, 'test_result_base': None}
[1.876s] INFO:colcon.colcon_core.executor:Executing jobs using 'parallel' executor
[1.880s] DEBUG:colcon.colcon_parallel_executor.executor.parallel:run_until_complete
[1.882s] INFO:colcon.colcon_ros.task.ament_cmake.build:Building ROS package in '/home/pitosalas/linorobot2_ws/src/nav_tools' with build type 'ament_cmake'
[1.884s] INFO:colcon.colcon_cmake.task.cmake.build:Building CMake package in '/home/pitosalas/linorobot2_ws/src/nav_tools'
[1.898s] INFO:colcon.colcon_core.plugin_system:Skipping extension 'colcon_core.shell.bat': Not used on non-Windows systems
[1.899s] INFO:colcon.colcon_core.shell:Skip shell extension 'powershell' for command environment: Not usable outside of PowerShell
[1.899s] DEBUG:colcon.colcon_core.shell:Skip shell extension 'dsv' for command environment
[1.986s] DEBUG:colcon.colcon_core.event_handler.log_command:Invoking command in '/home/pitosalas/linorobot2_ws/src/nav_tools/build/nav_tools': CMAKE_PREFIX_PATH=/home/pitosalas/linorobot2_ws/install/my_cxx_package:/home/pitosalas/linorobot2_ws/install/mini_nav2:/home/pitosalas/linorobot2_ws/install/micro_ros_setup:/home/pitosalas/linorobot2_ws/install/status_panel:/home/pitosalas/linorobot2_ws/install/obstacle_perception:/home/pitosalas/linorobot2_ws/install/dome:/home/pitosalas/linorobot2_ws/install/lib_ros_examples:/opt/ros/jazzy:/home/pitosalas/linorobot2_ws/install/looker:/home/pitosalas/linorobot2_ws/install/local_costmapper:/home/pitosalas/linorobot2_ws/install/linorobot2_navigation:/home/pitosalas/linorobot2_ws/install/linorobot2_gazebo:/home/pitosalas/linorobot2_ws/install/linorobot2_description:/home/pitosalas/linorobot2_ws/install/linorobot2_bringup:/home/pitosalas/linorobot2_ws/install/linorobot2_base:/home/pitosalas/linorobot2_ws/install/linorobot2:/home/pitosalas/linorobot2_ws/install/imu_calib:/home/pitosalas/linorobot2_ws/install/hls_lfcd_lds_driver:/home/pitosalas/linorobot2_ws/install/dome_interfaces:/home/pitosalas/uros_ws/install/micro_ros_agent:/home/pitosalas/uros_ws/install/micro_ros_msgs:/opt/ros/jazzy/opt/gz_sim_vendor:/opt/ros/jazzy/opt/gz_sensors_vendor:/opt/ros/jazzy/opt/gz_physics_vendor:/opt/ros/jazzy/opt/sdformat_vendor:/opt/ros/jazzy/opt/gz_gui_vendor:/opt/ros/jazzy/opt/gz_transport_vendor:/opt/ros/jazzy/opt/gz_rendering_vendor:/opt/ros/jazzy/opt/gz_plugin_vendor:/opt/ros/jazzy/opt/gz_fuel_tools_vendor:/opt/ros/jazzy/opt/gz_msgs_vendor:/opt/ros/jazzy/opt/gz_common_vendor:/opt/ros/jazzy/opt/gz_math_vendor:/opt/ros/jazzy/opt/gz_utils_vendor:/opt/ros/jazzy/opt/gz_tools_vendor:/opt/ros/jazzy/opt/gz_ogre_next_vendor:/opt/ros/jazzy/opt/gz_dartsim_vendor:/opt/ros/jazzy/opt/gz_cmake_vendor PS1=[\h:\w] /usr/bin/cmake --build /home/pitosalas/linorobot2_ws/src/nav_tools/build/nav_tools -- -j4 -l4
[35.940s] DEBUG:colcon.colcon_core.event_handler.log_command:Invoked command in '/home/pitosalas/linorobot2_ws/src/nav_tools/build/nav_tools' returned '0': CMAKE_PREFIX_PATH=/home/pitosalas/linorobot2_ws/install/my_cxx_package:/home/pitosalas/linorobot2_ws/install/mini_nav2:/home/pitosalas/linorobot2_ws/install/micro_ros_setup:/home/pitosalas/linorobot2_ws/install/status_panel:/home/pitosalas/linorobot2_ws/install/obstacle_perception:/home/pitosalas/linorobot2_ws/install/dome:/home/pitosalas/linorobot2_ws/install/lib_ros_examples:/opt/ros/jazzy:/home/pitosalas/linorobot2_ws/install/looker:/home/pitosalas/linorobot2_ws/install/local_costmapper:/home/pitosalas/linorobot2_ws/install/linorobot2_navigation:/home/pitosalas/linorobot2_ws/install/linorobot2_gazebo:/home/pitosalas/linorobot2_ws/install/linorobot2_description:/home/pitosalas/linorobot2_ws/install/linorobot2_bringup:/home/pitosalas/linorobot2_ws/install/linorobot2_base:/home/pitosalas/linorobot2_ws/install/linorobot2:/home/pitosalas/linorobot2_ws/install/imu_calib:/home/pitosalas/linorobot2_ws/install/hls_lfcd_lds_driver:/home/pitosalas/linorobot2_ws/install/dome_interfaces:/home/pitosalas/uros_ws/install/micro_ros_agent:/home/pitosalas/uros_ws/install/micro_ros_msgs:/opt/ros/jazzy/opt/gz_sim_vendor:/opt/ros/jazzy/opt/gz_sensors_vendor:/opt/ros/jazzy/opt/gz_physics_vendor:/opt/ros/jazzy/opt/sdformat_vendor:/opt/ros/jazzy/opt/gz_gui_vendor:/opt/ros/jazzy/opt/gz_transport_vendor:/opt/ros/jazzy/opt/gz_rendering_vendor:/opt/ros/jazzy/opt/gz_plugin_vendor:/opt/ros/jazzy/opt/gz_fuel_tools_vendor:/opt/ros/jazzy/opt/gz_msgs_vendor:/opt/ros/jazzy/opt/gz_common_vendor:/opt/ros/jazzy/opt/gz_math_vendor:/opt/ros/jazzy/opt/gz_utils_vendor:/opt/ros/jazzy/opt/gz_tools_vendor:/opt/ros/jazzy/opt/gz_ogre_next_vendor:/opt/ros/jazzy/opt/gz_dartsim_vendor:/opt/ros/jazzy/opt/gz_cmake_vendor PS1=[\h:\w] /usr/bin/cmake --build /home/pitosalas/linorobot2_ws/src/nav_tools/build/nav_tools -- -j4 -l4
[36.011s] DEBUG:colcon.colcon_core.event_handler.log_command:Invoking command in '/home/pitosalas/linorobot2_ws/src/nav_tools/build/nav_tools': CMAKE_PREFIX_PATH=/home/pitosalas/linorobot2_ws/install/my_cxx_package:/home/pitosalas/linorobot2_ws/install/mini_nav2:/home/pitosalas/linorobot2_ws/install/micro_ros_setup:/home/pitosalas/linorobot2_ws/install/status_panel:/home/pitosalas/linorobot2_ws/install/obstacle_perception:/home/pitosalas/linorobot2_ws/install/dome:/home/pitosalas/linorobot2_ws/install/lib_ros_examples:/opt/ros/jazzy:/home/pitosalas/linorobot2_ws/install/looker:/home/pitosalas/linorobot2_ws/install/local_costmapper:/home/pitosalas/linorobot2_ws/install/linorobot2_navigation:/home/pitosalas/linorobot2_ws/install/linorobot2_gazebo:/home/pitosalas/linorobot2_ws/install/linorobot2_description:/home/pitosalas/linorobot2_ws/install/linorobot2_bringup:/home/pitosalas/linorobot2_ws/install/linorobot2_base:/home/pitosalas/linorobot2_ws/install/linorobot2:/home/pitosalas/linorobot2_ws/install/imu_calib:/home/pitosalas/linorobot2_ws/install/hls_lfcd_lds_driver:/home/pitosalas/linorobot2_ws/install/dome_interfaces:/home/pitosalas/uros_ws/install/micro_ros_agent:/home/pitosalas/uros_ws/install/micro_ros_msgs:/opt/ros/jazzy/opt/gz_sim_vendor:/opt/ros/jazzy/opt/gz_sensors_vendor:/opt/ros/jazzy/opt/gz_physics_vendor:/opt/ros/jazzy/opt/sdformat_vendor:/opt/ros/jazzy/opt/gz_gui_vendor:/opt/ros/jazzy/opt/gz_transport_vendor:/opt/ros/jazzy/opt/gz_rendering_vendor:/opt/ros/jazzy/opt/gz_plugin_vendor:/opt/ros/jazzy/opt/gz_fuel_tools_vendor:/opt/ros/jazzy/opt/gz_msgs_vendor:/opt/ros/jazzy/opt/gz_common_vendor:/opt/ros/jazzy/opt/gz_math_vendor:/opt/ros/jazzy/opt/gz_utils_vendor:/opt/ros/jazzy/opt/gz_tools_vendor:/opt/ros/jazzy/opt/gz_ogre_next_vendor:/opt/ros/jazzy/opt/gz_dartsim_vendor:/opt/ros/jazzy/opt/gz_cmake_vendor PS1=[\h:\w] /usr/bin/cmake --install /home/pitosalas/linorobot2_ws/src/nav_tools/build/nav_tools
[36.111s] Level 1:colcon.colcon_core.environment:create_environment_scripts_only(nav_tools)
[36.113s] DEBUG:colcon.colcon_core.event_handler.log_command:Invoked command in '/home/pitosalas/linorobot2_ws/src/nav_tools/build/nav_tools' returned '0': CMAKE_PREFIX_PATH=/home/pitosalas/linorobot2_ws/install/my_cxx_package:/home/pitosalas/linorobot2_ws/install/mini_nav2:/home/pitosalas/linorobot2_ws/install/micro_ros_setup:/home/pitosalas/linorobot2_ws/install/status_panel:/home/pitosalas/linorobot2_ws/install/obstacle_perception:/home/pitosalas/linorobot2_ws/install/dome:/home/pitosalas/linorobot2_ws/install/lib_ros_examples:/opt/ros/jazzy:/home/pitosalas/linorobot2_ws/install/looker:/home/pitosalas/linorobot2_ws/install/local_costmapper:/home/pitosalas/linorobot2_ws/install/linorobot2_navigation:/home/pitosalas/linorobot2_ws/install/linorobot2_gazebo:/home/pitosalas/linorobot2_ws/install/linorobot2_description:/home/pitosalas/linorobot2_ws/install/linorobot2_bringup:/home/pitosalas/linorobot2_ws/install/linorobot2_base:/home/pitosalas/linorobot2_ws/install/linorobot2:/home/pitosalas/linorobot2_ws/install/imu_calib:/home/pitosalas/linorobot2_ws/install/hls_lfcd_lds_driver:/home/pitosalas/linorobot2_ws/install/dome_interfaces:/home/pitosalas/uros_ws/install/micro_ros_agent:/home/pitosalas/uros_ws/install/micro_ros_msgs:/opt/ros/jazzy/opt/gz_sim_vendor:/opt/ros/jazzy/opt/gz_sensors_vendor:/opt/ros/jazzy/opt/gz_physics_vendor:/opt/ros/jazzy/opt/sdformat_vendor:/opt/ros/jazzy/opt/gz_gui_vendor:/opt/ros/jazzy/opt/gz_transport_vendor:/opt/ros/jazzy/opt/gz_rendering_vendor:/opt/ros/jazzy/opt/gz_plugin_vendor:/opt/ros/jazzy/opt/gz_fuel_tools_vendor:/opt/ros/jazzy/opt/gz_msgs_vendor:/opt/ros/jazzy/opt/gz_common_vendor:/opt/ros/jazzy/opt/gz_math_vendor:/opt/ros/jazzy/opt/gz_utils_vendor:/opt/ros/jazzy/opt/gz_tools_vendor:/opt/ros/jazzy/opt/gz_ogre_next_vendor:/opt/ros/jazzy/opt/gz_dartsim_vendor:/opt/ros/jazzy/opt/gz_cmake_vendor PS1=[\h:\w] /usr/bin/cmake --install /home/pitosalas/linorobot2_ws/src/nav_tools/build/nav_tools
[36.126s] Level 1:colcon.colcon_core.environment:checking '/home/pitosalas/linorobot2_ws/src/nav_tools/install/nav_tools' for CMake module files
[36.130s] Level 1:colcon.colcon_core.environment:checking '/home/pitosalas/linorobot2_ws/src/nav_tools/install/nav_tools' for CMake config files
[36.131s] Level 1:colcon.colcon_core.shell:create_environment_hook('nav_tools', 'cmake_prefix_path')
[36.132s] INFO:colcon.colcon_core.shell:Creating environment hook '/home/pitosalas/linorobot2_ws/src/nav_tools/install/nav_tools/share/nav_tools/hook/cmake_prefix_path.ps1'
[36.136s] INFO:colcon.colcon_core.shell:Creating environment descriptor '/home/pitosalas/linorobot2_ws/src/nav_tools/install/nav_tools/share/nav_tools/hook/cmake_prefix_path.dsv'
[36.139s] INFO:colcon.colcon_core.shell:Creating environment hook '/home/pitosalas/linorobot2_ws/src/nav_tools/install/nav_tools/share/nav_tools/hook/cmake_prefix_path.sh'
[36.144s] Level 1:colcon.colcon_core.environment:checking '/home/pitosalas/linorobot2_ws/src/nav_tools/install/nav_tools/lib'
[36.145s] Level 1:colcon.colcon_core.environment:checking '/home/pitosalas/linorobot2_ws/src/nav_tools/install/nav_tools/bin'
[36.145s] Level 1:colcon.colcon_core.environment:checking '/home/pitosalas/linorobot2_ws/src/nav_tools/install/nav_tools/lib/pkgconfig/nav_tools.pc'
[36.146s] Level 1:colcon.colcon_core.environment:checking '/home/pitosalas/linorobot2_ws/src/nav_tools/install/nav_tools/lib/python3.12/site-packages'
[36.148s] Level 1:colcon.colcon_core.environment:checking '/home/pitosalas/linorobot2_ws/src/nav_tools/install/nav_tools/bin'
[36.149s] INFO:colcon.colcon_core.shell:Creating package script '/home/pitosalas/linorobot2_ws/src/nav_tools/install/nav_tools/share/nav_tools/package.ps1'
[36.152s] INFO:colcon.colcon_core.shell:Creating package descriptor '/home/pitosalas/linorobot2_ws/src/nav_tools/install/nav_tools/share/nav_tools/package.dsv'
[36.155s] INFO:colcon.colcon_core.shell:Creating package script '/home/pitosalas/linorobot2_ws/src/nav_tools/install/nav_tools/share/nav_tools/package.sh'
[36.158s] INFO:colcon.colcon_core.shell:Creating package script '/home/pitosalas/linorobot2_ws/src/nav_tools/install/nav_tools/share/nav_tools/package.bash'
[36.162s] INFO:colcon.colcon_core.shell:Creating package script '/home/pitosalas/linorobot2_ws/src/nav_tools/install/nav_tools/share/nav_tools/package.zsh'
[36.165s] Level 1:colcon.colcon_core.environment:create_file_with_runtime_dependencies(/home/pitosalas/linorobot2_ws/src/nav_tools/install/nav_tools/share/colcon-core/packages/nav_tools)
[36.169s] Level 1:colcon.colcon_core.environment:create_environment_scripts_only(nav_tools)
[36.170s] Level 1:colcon.colcon_core.environment:checking '/home/pitosalas/linorobot2_ws/src/nav_tools/install/nav_tools' for CMake module files
[36.175s] Level 1:colcon.colcon_core.environment:checking '/home/pitosalas/linorobot2_ws/src/nav_tools/install/nav_tools' for CMake config files
[36.176s] Level 1:colcon.colcon_core.shell:create_environment_hook('nav_tools', 'cmake_prefix_path')
[36.177s] INFO:colcon.colcon_core.shell:Creating environment hook '/home/pitosalas/linorobot2_ws/src/nav_tools/install/nav_tools/share/nav_tools/hook/cmake_prefix_path.ps1'
[36.179s] INFO:colcon.colcon_core.shell:Creating environment descriptor '/home/pitosalas/linorobot2_ws/src/nav_tools/install/nav_tools/share/nav_tools/hook/cmake_prefix_path.dsv'
[36.182s] INFO:colcon.colcon_core.shell:Creating environment hook '/home/pitosalas/linorobot2_ws/src/nav_tools/install/nav_tools/share/nav_tools/hook/cmake_prefix_path.sh'
[36.185s] Level 1:colcon.colcon_core.environment:checking '/home/pitosalas/linorobot2_ws/src/nav_tools/install/nav_tools/lib'
[36.186s] Level 1:colcon.colcon_core.environment:checking '/home/pitosalas/linorobot2_ws/src/nav_tools/install/nav_tools/bin'
[36.186s] Level 1:colcon.colcon_core.environment:checking '/home/pitosalas/linorobot2_ws/src/nav_tools/install/nav_tools/lib/pkgconfig/nav_tools.pc'
[36.187s] Level 1:colcon.colcon_core.environment:checking '/home/pitosalas/linorobot2_ws/src/nav_tools/install/nav_tools/lib/python3.12/site-packages'
[36.188s] Level 1:colcon.colcon_core.environment:checking '/home/pitosalas/linorobot2_ws/src/nav_tools/install/nav_tools/bin'
[36.190s] INFO:colcon.colcon_core.shell:Creating package script '/home/pitosalas/linorobot2_ws/src/nav_tools/install/nav_tools/share/nav_tools/package.ps1'
[36.193s] INFO:colcon.colcon_core.shell:Creating package descriptor '/home/pitosalas/linorobot2_ws/src/nav_tools/install/nav_tools/share/nav_tools/package.dsv'
[36.196s] INFO:colcon.colcon_core.shell:Creating package script '/home/pitosalas/linorobot2_ws/src/nav_tools/install/nav_tools/share/nav_tools/package.sh'
[36.198s] INFO:colcon.colcon_core.shell:Creating package script '/home/pitosalas/linorobot2_ws/src/nav_tools/install/nav_tools/share/nav_tools/package.bash'
[36.201s] INFO:colcon.colcon_core.shell:Creating package script '/home/pitosalas/linorobot2_ws/src/nav_tools/install/nav_tools/share/nav_tools/package.zsh'
[36.203s] Level 1:colcon.colcon_core.environment:create_file_with_runtime_dependencies(/home/pitosalas/linorobot2_ws/src/nav_tools/install/nav_tools/share/colcon-core/packages/nav_tools)
[36.205s] DEBUG:colcon.colcon_parallel_executor.executor.parallel:closing loop
[36.205s] DEBUG:colcon.colcon_parallel_executor.executor.parallel:loop closed
[36.206s] DEBUG:colcon.colcon_parallel_executor.executor.parallel:run_until_complete finished with '0'
[36.207s] DEBUG:colcon.colcon_core.event_reactor:joining thread
[36.237s] INFO:colcon.colcon_core.plugin_system:Skipping extension 'colcon_notification.desktop_notification.notify_send': Could not find 'notify-send'
[36.238s] INFO:colcon.colcon_core.plugin_system:Skipping extension 'colcon_notification.desktop_notification.terminal_notifier': Not used on non-Darwin systems
[36.238s] INFO:colcon.colcon_core.plugin_system:Skipping extension 'colcon_notification.desktop_notification.win32': Not used on non-Windows systems
[36.239s] INFO:colcon.colcon_notification.desktop_notification:Sending desktop notification using 'notify2'
[36.243s] DEBUG:colcon.colcon_notification.desktop_notification.notify2:Failed to initialize notify2: org.freedesktop.DBus.Error.ServiceUnknown: The name org.freedesktop.Notifications was not provided by any .service files
[36.243s] DEBUG:colcon.colcon_core.event_reactor:joined thread
[36.244s] INFO:colcon.colcon_core.shell:Creating prefix script '/home/pitosalas/linorobot2_ws/src/nav_tools/install/local_setup.ps1'
[36.248s] INFO:colcon.colcon_core.shell:Creating prefix util module '/home/pitosalas/linorobot2_ws/src/nav_tools/install/_local_setup_util_ps1.py'
[36.255s] INFO:colcon.colcon_core.shell:Creating prefix chain script '/home/pitosalas/linorobot2_ws/src/nav_tools/install/setup.ps1'
[36.267s] INFO:colcon.colcon_core.shell:Creating prefix script '/home/pitosalas/linorobot2_ws/src/nav_tools/install/local_setup.sh'
[36.271s] INFO:colcon.colcon_core.shell:Creating prefix util module '/home/pitosalas/linorobot2_ws/src/nav_tools/install/_local_setup_util_sh.py'
[36.274s] INFO:colcon.colcon_core.shell:Creating prefix chain script '/home/pitosalas/linorobot2_ws/src/nav_tools/install/setup.sh'
[36.286s] INFO:colcon.colcon_core.shell:Creating prefix script '/home/pitosalas/linorobot2_ws/src/nav_tools/install/local_setup.bash'
[36.289s] INFO:colcon.colcon_core.shell:Creating prefix chain script '/home/pitosalas/linorobot2_ws/src/nav_tools/install/setup.bash'
[36.300s] INFO:colcon.colcon_core.shell:Creating prefix script '/home/pitosalas/linorobot2_ws/src/nav_tools/install/local_setup.zsh'
[36.303s] INFO:colcon.colcon_core.shell:Creating prefix chain script '/home/pitosalas/linorobot2_ws/src/nav_tools/install/setup.zsh'
