[0.903s] DEBUG:colcon:Command line arguments: ['/usr/bin/colcon', 'build', '--packages-select', 'nav_tools']
[0.903s] DEBUG:colcon:Parsed command line arguments: Namespace(log_base=None, log_level=None, verb_name='build', build_base='build', install_base='install', merge_install=False, symlink_install=False, test_result_base=None, continue_on_error=False, executor='parallel', parallel_workers=4, event_handlers=None, ignore_user_meta=False, metas=['./colcon.meta'], base_paths=['.'], packages_ignore=None, packages_ignore_regex=None, paths=None, packages_up_to=None, packages_up_to_regex=None, packages_above=None, packages_above_and_dependencies=None, packages_above_depth=None, packages_select_by_dep=None, packages_skip_by_dep=None, packages_skip_up_to=None, packages_select_build_failed=False, packages_skip_build_finished=False, packages_select_test_failures=False, packages_skip_test_passed=False, packages_select=['nav_tools'], packages_skip=None, packages_select_regex=None, packages_skip_regex=None, packages_start=None, packages_end=None, allow_overriding=[], cmake_args=None, cmake_target=None, cmake_target_skip_unavailable=False, cmake_clean_cache=False, cmake_clean_first=False, cmake_force_configure=False, ament_cmake_args=None, catkin_cmake_args=None, catkin_skip_building_tests=False, mixin_files=None, mixin=None, verb_parser=<colcon_mixin.mixin.mixin_argument.MixinArgumentDecorator object at 0xffff82bc4a40>, verb_extension=<colcon_core.verb.build.BuildVerb object at 0xffff82bc47d0>, main=<bound method BuildVerb.main of <colcon_core.verb.build.BuildVerb object at 0xffff82bc47d0>>, mixin_verb=('build',))
[1.217s] Level 1:colcon.colcon_core.package_discovery:discover_packages(colcon_meta) check parameters
[1.218s] Level 1:colcon.colcon_core.package_discovery:discover_packages(recursive) check parameters
[1.218s] Level 1:colcon.colcon_core.package_discovery:discover_packages(ignore) check parameters
[1.218s] Level 1:colcon.colcon_core.package_discovery:discover_packages(path) check parameters
[1.218s] Level 1:colcon.colcon_core.package_discovery:discover_packages(colcon_meta) discover
[1.219s] Level 1:colcon.colcon_core.package_discovery:discover_packages(recursive) discover
[1.219s] INFO:colcon.colcon_core.package_discovery:Crawling recursively for packages in '/home/pitosalas/linorobot2_ws/src/nav_tools'
[1.219s] Level 1:colcon.colcon_core.package_identification:_identify(.) by extensions ['ignore', 'ignore_ament_install']
[1.220s] Level 1:colcon.colcon_core.package_identification:_identify(.) by extension 'ignore'
[1.220s] Level 1:colcon.colcon_core.package_identification:_identify(.) by extension 'ignore_ament_install'
[1.221s] Level 1:colcon.colcon_core.package_identification:_identify(.) by extensions ['colcon_pkg']
[1.221s] Level 1:colcon.colcon_core.package_identification:_identify(.) by extension 'colcon_pkg'
[1.221s] Level 1:colcon.colcon_core.package_identification:_identify(.) by extensions ['colcon_meta']
[1.222s] Level 1:colcon.colcon_core.package_identification:_identify(.) by extension 'colcon_meta'
[1.222s] Level 1:colcon.colcon_core.package_identification:_identify(.) by extensions ['ros']
[1.222s] Level 1:colcon.colcon_core.package_identification:_identify(.) by extension 'ros'
[1.398s] DEBUG:colcon.colcon_core.package_identification:Package '.' with type 'ros.ament_cmake' and name 'nav_tools'
[1.398s] Level 1:colcon.colcon_core.package_discovery:discover_packages(recursive) using defaults
[1.398s] Level 1:colcon.colcon_core.package_discovery:discover_packages(ignore) discover
[1.399s] Level 1:colcon.colcon_core.package_discovery:discover_packages(ignore) using defaults
[1.399s] Level 1:colcon.colcon_core.package_discovery:discover_packages(path) discover
[1.399s] Level 1:colcon.colcon_core.package_discovery:discover_packages(path) using defaults
[1.511s] Level 1:colcon.colcon_core.package_discovery:discover_packages(prefix_path) check parameters
[1.511s] Level 1:colcon.colcon_core.package_discovery:discover_packages(prefix_path) discover
[1.538s] DEBUG:colcon.colcon_installed_package_information.package_discovery:Found 18 installed packages in /home/pitosalas/linorobot2_ws/install
[1.542s] DEBUG:colcon.colcon_installed_package_information.package_discovery:Found 2 installed packages in /home/pitosalas/uros_ws/install
[1.556s] DEBUG:colcon.colcon_installed_package_information.package_discovery:Found 397 installed packages in /opt/ros/jazzy
[1.566s] Level 1:colcon.colcon_core.package_discovery:discover_packages(prefix_path) using defaults
[1.913s] Level 5:colcon.colcon_core.verb:set package 'nav_tools' build argument 'cmake_args' from command line to 'None'
[1.913s] Level 5:colcon.colcon_core.verb:set package 'nav_tools' build argument 'cmake_target' from command line to 'None'
[1.913s] Level 5:colcon.colcon_core.verb:set package 'nav_tools' build argument 'cmake_target_skip_unavailable' from command line to 'False'
[1.913s] Level 5:colcon.colcon_core.verb:set package 'nav_tools' build argument 'cmake_clean_cache' from command line to 'False'
[1.913s] Level 5:colcon.colcon_core.verb:set package 'nav_tools' build argument 'cmake_clean_first' from command line to 'False'
[1.913s] Level 5:colcon.colcon_core.verb:set package 'nav_tools' build argument 'cmake_force_configure' from command line to 'False'
[1.914s] Level 5:colcon.colcon_core.verb:set package 'nav_tools' build argument 'ament_cmake_args' from command line to 'None'
[1.914s] Level 5:colcon.colcon_core.verb:set package 'nav_tools' build argument 'catkin_cmake_args' from command line to 'None'
[1.914s] Level 5:colcon.colcon_core.verb:set package 'nav_tools' build argument 'catkin_skip_building_tests' from command line to 'False'
[1.914s] DEBUG:colcon.colcon_core.verb:Building package 'nav_tools' with the following arguments: {'ament_cmake_args': None, 'build_base': '/home/pitosalas/linorobot2_ws/src/nav_tools/build/nav_tools', 'catkin_cmake_args': None, 'catkin_skip_building_tests': False, 'cmake_args': None, 'cmake_clean_cache': False, 'cmake_clean_first': False, 'cmake_force_configure': False, 'cmake_target': None, 'cmake_target_skip_unavailable': False, 'install_base': '/home/pitosalas/linorobot2_ws/src/nav_tools/install/nav_tools', 'merge_install': False, 'path': '/home/pitosalas/linorobot2_ws/src/nav_tools', 'symlink_install': False, 'test_result_base': None}
[1.915s] INFO:colcon.colcon_core.executor:Executing jobs using 'parallel' executor
[1.918s] DEBUG:colcon.colcon_parallel_executor.executor.parallel:run_until_complete
[1.919s] INFO:colcon.colcon_ros.task.ament_cmake.build:Building ROS package in '/home/pitosalas/linorobot2_ws/src/nav_tools' with build type 'ament_cmake'
[1.920s] INFO:colcon.colcon_cmake.task.cmake.build:Building CMake package in '/home/pitosalas/linorobot2_ws/src/nav_tools'
[1.938s] INFO:colcon.colcon_core.plugin_system:Skipping extension 'colcon_core.shell.bat': Not used on non-Windows systems
[1.939s] INFO:colcon.colcon_core.shell:Skip shell extension 'powershell' for command environment: Not usable outside of PowerShell
[1.939s] DEBUG:colcon.colcon_core.shell:Skip shell extension 'dsv' for command environment
[1.999s] DEBUG:colcon.colcon_core.event_handler.log_command:Invoking command in '/home/pitosalas/linorobot2_ws/src/nav_tools/build/nav_tools': CMAKE_PREFIX_PATH=/home/pitosalas/linorobot2_ws/install/my_cxx_package:/home/pitosalas/linorobot2_ws/install/mini_nav2:/home/pitosalas/linorobot2_ws/install/micro_ros_setup:/home/pitosalas/linorobot2_ws/install/status_panel:/home/pitosalas/linorobot2_ws/install/obstacle_perception:/home/pitosalas/linorobot2_ws/install/dome:/home/pitosalas/linorobot2_ws/install/lib_ros_examples:/opt/ros/jazzy:/home/pitosalas/linorobot2_ws/install/looker:/home/pitosalas/linorobot2_ws/install/local_costmapper:/home/pitosalas/linorobot2_ws/install/linorobot2_navigation:/home/pitosalas/linorobot2_ws/install/linorobot2_gazebo:/home/pitosalas/linorobot2_ws/install/linorobot2_description:/home/pitosalas/linorobot2_ws/install/linorobot2_bringup:/home/pitosalas/linorobot2_ws/install/linorobot2_base:/home/pitosalas/linorobot2_ws/install/linorobot2:/home/pitosalas/linorobot2_ws/install/imu_calib:/home/pitosalas/linorobot2_ws/install/hls_lfcd_lds_driver:/home/pitosalas/linorobot2_ws/install/dome_interfaces:/home/pitosalas/uros_ws/install/micro_ros_agent:/home/pitosalas/uros_ws/install/micro_ros_msgs:/opt/ros/jazzy/opt/gz_sim_vendor:/opt/ros/jazzy/opt/gz_sensors_vendor:/opt/ros/jazzy/opt/gz_physics_vendor:/opt/ros/jazzy/opt/sdformat_vendor:/opt/ros/jazzy/opt/gz_gui_vendor:/opt/ros/jazzy/opt/gz_transport_vendor:/opt/ros/jazzy/opt/gz_rendering_vendor:/opt/ros/jazzy/opt/gz_plugin_vendor:/opt/ros/jazzy/opt/gz_fuel_tools_vendor:/opt/ros/jazzy/opt/gz_msgs_vendor:/opt/ros/jazzy/opt/gz_common_vendor:/opt/ros/jazzy/opt/gz_math_vendor:/opt/ros/jazzy/opt/gz_utils_vendor:/opt/ros/jazzy/opt/gz_tools_vendor:/opt/ros/jazzy/opt/gz_ogre_next_vendor:/opt/ros/jazzy/opt/gz_dartsim_vendor:/opt/ros/jazzy/opt/gz_cmake_vendor PS1=[\h:\w] /usr/bin/cmake /home/pitosalas/linorobot2_ws/src/nav_tools -DCMAKE_INSTALL_PREFIX=/home/pitosalas/linorobot2_ws/src/nav_tools/install/nav_tools
[15.815s] DEBUG:colcon.colcon_core.event_handler.log_command:Invoked command in '/home/pitosalas/linorobot2_ws/src/nav_tools/build/nav_tools' returned '0': CMAKE_PREFIX_PATH=/home/pitosalas/linorobot2_ws/install/my_cxx_package:/home/pitosalas/linorobot2_ws/install/mini_nav2:/home/pitosalas/linorobot2_ws/install/micro_ros_setup:/home/pitosalas/linorobot2_ws/install/status_panel:/home/pitosalas/linorobot2_ws/install/obstacle_perception:/home/pitosalas/linorobot2_ws/install/dome:/home/pitosalas/linorobot2_ws/install/lib_ros_examples:/opt/ros/jazzy:/home/pitosalas/linorobot2_ws/install/looker:/home/pitosalas/linorobot2_ws/install/local_costmapper:/home/pitosalas/linorobot2_ws/install/linorobot2_navigation:/home/pitosalas/linorobot2_ws/install/linorobot2_gazebo:/home/pitosalas/linorobot2_ws/install/linorobot2_description:/home/pitosalas/linorobot2_ws/install/linorobot2_bringup:/home/pitosalas/linorobot2_ws/install/linorobot2_base:/home/pitosalas/linorobot2_ws/install/linorobot2:/home/pitosalas/linorobot2_ws/install/imu_calib:/home/pitosalas/linorobot2_ws/install/hls_lfcd_lds_driver:/home/pitosalas/linorobot2_ws/install/dome_interfaces:/home/pitosalas/uros_ws/install/micro_ros_agent:/home/pitosalas/uros_ws/install/micro_ros_msgs:/opt/ros/jazzy/opt/gz_sim_vendor:/opt/ros/jazzy/opt/gz_sensors_vendor:/opt/ros/jazzy/opt/gz_physics_vendor:/opt/ros/jazzy/opt/sdformat_vendor:/opt/ros/jazzy/opt/gz_gui_vendor:/opt/ros/jazzy/opt/gz_transport_vendor:/opt/ros/jazzy/opt/gz_rendering_vendor:/opt/ros/jazzy/opt/gz_plugin_vendor:/opt/ros/jazzy/opt/gz_fuel_tools_vendor:/opt/ros/jazzy/opt/gz_msgs_vendor:/opt/ros/jazzy/opt/gz_common_vendor:/opt/ros/jazzy/opt/gz_math_vendor:/opt/ros/jazzy/opt/gz_utils_vendor:/opt/ros/jazzy/opt/gz_tools_vendor:/opt/ros/jazzy/opt/gz_ogre_next_vendor:/opt/ros/jazzy/opt/gz_dartsim_vendor:/opt/ros/jazzy/opt/gz_cmake_vendor PS1=[\h:\w] /usr/bin/cmake /home/pitosalas/linorobot2_ws/src/nav_tools -DCMAKE_INSTALL_PREFIX=/home/pitosalas/linorobot2_ws/src/nav_tools/install/nav_tools
[15.823s] DEBUG:colcon.colcon_core.event_handler.log_command:Invoking command in '/home/pitosalas/linorobot2_ws/src/nav_tools/build/nav_tools': CMAKE_PREFIX_PATH=/home/pitosalas/linorobot2_ws/install/my_cxx_package:/home/pitosalas/linorobot2_ws/install/mini_nav2:/home/pitosalas/linorobot2_ws/install/micro_ros_setup:/home/pitosalas/linorobot2_ws/install/status_panel:/home/pitosalas/linorobot2_ws/install/obstacle_perception:/home/pitosalas/linorobot2_ws/install/dome:/home/pitosalas/linorobot2_ws/install/lib_ros_examples:/opt/ros/jazzy:/home/pitosalas/linorobot2_ws/install/looker:/home/pitosalas/linorobot2_ws/install/local_costmapper:/home/pitosalas/linorobot2_ws/install/linorobot2_navigation:/home/pitosalas/linorobot2_ws/install/linorobot2_gazebo:/home/pitosalas/linorobot2_ws/install/linorobot2_description:/home/pitosalas/linorobot2_ws/install/linorobot2_bringup:/home/pitosalas/linorobot2_ws/install/linorobot2_base:/home/pitosalas/linorobot2_ws/install/linorobot2:/home/pitosalas/linorobot2_ws/install/imu_calib:/home/pitosalas/linorobot2_ws/install/hls_lfcd_lds_driver:/home/pitosalas/linorobot2_ws/install/dome_interfaces:/home/pitosalas/uros_ws/install/micro_ros_agent:/home/pitosalas/uros_ws/install/micro_ros_msgs:/opt/ros/jazzy/opt/gz_sim_vendor:/opt/ros/jazzy/opt/gz_sensors_vendor:/opt/ros/jazzy/opt/gz_physics_vendor:/opt/ros/jazzy/opt/sdformat_vendor:/opt/ros/jazzy/opt/gz_gui_vendor:/opt/ros/jazzy/opt/gz_transport_vendor:/opt/ros/jazzy/opt/gz_rendering_vendor:/opt/ros/jazzy/opt/gz_plugin_vendor:/opt/ros/jazzy/opt/gz_fuel_tools_vendor:/opt/ros/jazzy/opt/gz_msgs_vendor:/opt/ros/jazzy/opt/gz_common_vendor:/opt/ros/jazzy/opt/gz_math_vendor:/opt/ros/jazzy/opt/gz_utils_vendor:/opt/ros/jazzy/opt/gz_tools_vendor:/opt/ros/jazzy/opt/gz_ogre_next_vendor:/opt/ros/jazzy/opt/gz_dartsim_vendor:/opt/ros/jazzy/opt/gz_cmake_vendor PS1=[\h:\w] /usr/bin/cmake --build /home/pitosalas/linorobot2_ws/src/nav_tools/build/nav_tools -- -j4 -l4
[28.933s] DEBUG:colcon.colcon_parallel_executor.executor.parallel:run_until_complete was interrupted
[28.934s] DEBUG:colcon.colcon_parallel_executor.executor.parallel:run_until_complete again
[28.981s] DEBUG:colcon.colcon_core.event_handler.log_command:Invoked command in '/home/pitosalas/linorobot2_ws/src/nav_tools/build/nav_tools' returned '-2': CMAKE_PREFIX_PATH=/home/pitosalas/linorobot2_ws/install/my_cxx_package:/home/pitosalas/linorobot2_ws/install/mini_nav2:/home/pitosalas/linorobot2_ws/install/micro_ros_setup:/home/pitosalas/linorobot2_ws/install/status_panel:/home/pitosalas/linorobot2_ws/install/obstacle_perception:/home/pitosalas/linorobot2_ws/install/dome:/home/pitosalas/linorobot2_ws/install/lib_ros_examples:/opt/ros/jazzy:/home/pitosalas/linorobot2_ws/install/looker:/home/pitosalas/linorobot2_ws/install/local_costmapper:/home/pitosalas/linorobot2_ws/install/linorobot2_navigation:/home/pitosalas/linorobot2_ws/install/linorobot2_gazebo:/home/pitosalas/linorobot2_ws/install/linorobot2_description:/home/pitosalas/linorobot2_ws/install/linorobot2_bringup:/home/pitosalas/linorobot2_ws/install/linorobot2_base:/home/pitosalas/linorobot2_ws/install/linorobot2:/home/pitosalas/linorobot2_ws/install/imu_calib:/home/pitosalas/linorobot2_ws/install/hls_lfcd_lds_driver:/home/pitosalas/linorobot2_ws/install/dome_interfaces:/home/pitosalas/uros_ws/install/micro_ros_agent:/home/pitosalas/uros_ws/install/micro_ros_msgs:/opt/ros/jazzy/opt/gz_sim_vendor:/opt/ros/jazzy/opt/gz_sensors_vendor:/opt/ros/jazzy/opt/gz_physics_vendor:/opt/ros/jazzy/opt/sdformat_vendor:/opt/ros/jazzy/opt/gz_gui_vendor:/opt/ros/jazzy/opt/gz_transport_vendor:/opt/ros/jazzy/opt/gz_rendering_vendor:/opt/ros/jazzy/opt/gz_plugin_vendor:/opt/ros/jazzy/opt/gz_fuel_tools_vendor:/opt/ros/jazzy/opt/gz_msgs_vendor:/opt/ros/jazzy/opt/gz_common_vendor:/opt/ros/jazzy/opt/gz_math_vendor:/opt/ros/jazzy/opt/gz_utils_vendor:/opt/ros/jazzy/opt/gz_tools_vendor:/opt/ros/jazzy/opt/gz_ogre_next_vendor:/opt/ros/jazzy/opt/gz_dartsim_vendor:/opt/ros/jazzy/opt/gz_cmake_vendor PS1=[\h:\w] /usr/bin/cmake --build /home/pitosalas/linorobot2_ws/src/nav_tools/build/nav_tools -- -j4 -l4
[28.983s] Level 1:colcon.colcon_core.environment:create_environment_scripts_only(nav_tools)
[29.005s] Level 1:colcon.colcon_core.environment:checking '/home/pitosalas/linorobot2_ws/src/nav_tools/install/nav_tools' for CMake module files
[29.008s] Level 1:colcon.colcon_core.environment:checking '/home/pitosalas/linorobot2_ws/src/nav_tools/install/nav_tools' for CMake config files
[29.009s] Level 1:colcon.colcon_core.environment:checking '/home/pitosalas/linorobot2_ws/src/nav_tools/install/nav_tools/bin'
[29.010s] Level 1:colcon.colcon_core.environment:checking '/home/pitosalas/linorobot2_ws/src/nav_tools/install/nav_tools/lib/pkgconfig/nav_tools.pc'
[29.011s] Level 1:colcon.colcon_core.environment:checking '/home/pitosalas/linorobot2_ws/src/nav_tools/install/nav_tools/lib/python3.12/site-packages'
[29.012s] Level 1:colcon.colcon_core.environment:checking '/home/pitosalas/linorobot2_ws/src/nav_tools/install/nav_tools/bin'
[29.013s] INFO:colcon.colcon_core.shell:Creating package script '/home/pitosalas/linorobot2_ws/src/nav_tools/install/nav_tools/share/nav_tools/package.ps1'
[29.018s] INFO:colcon.colcon_core.shell:Creating package descriptor '/home/pitosalas/linorobot2_ws/src/nav_tools/install/nav_tools/share/nav_tools/package.dsv'
[29.021s] INFO:colcon.colcon_core.shell:Creating package script '/home/pitosalas/linorobot2_ws/src/nav_tools/install/nav_tools/share/nav_tools/package.sh'
[29.025s] INFO:colcon.colcon_core.shell:Creating package script '/home/pitosalas/linorobot2_ws/src/nav_tools/install/nav_tools/share/nav_tools/package.bash'
[29.029s] INFO:colcon.colcon_core.shell:Creating package script '/home/pitosalas/linorobot2_ws/src/nav_tools/install/nav_tools/share/nav_tools/package.zsh'
[29.034s] Level 1:colcon.colcon_core.environment:create_file_with_runtime_dependencies(/home/pitosalas/linorobot2_ws/src/nav_tools/install/nav_tools/share/colcon-core/packages/nav_tools)
[29.036s] DEBUG:colcon.colcon_parallel_executor.executor.parallel:run_until_complete finished
[29.037s] DEBUG:colcon.colcon_parallel_executor.executor.parallel:closing loop
[29.039s] DEBUG:colcon.colcon_parallel_executor.executor.parallel:loop closed
[29.039s] DEBUG:colcon.colcon_core.event_reactor:joining thread
[29.074s] INFO:colcon.colcon_core.plugin_system:Skipping extension 'colcon_notification.desktop_notification.notify_send': Could not find 'notify-send'
[29.075s] INFO:colcon.colcon_core.plugin_system:Skipping extension 'colcon_notification.desktop_notification.terminal_notifier': Not used on non-Darwin systems
[29.075s] INFO:colcon.colcon_core.plugin_system:Skipping extension 'colcon_notification.desktop_notification.win32': Not used on non-Windows systems
[29.075s] INFO:colcon.colcon_notification.desktop_notification:Sending desktop notification using 'notify2'
[29.079s] DEBUG:colcon.colcon_notification.desktop_notification.notify2:Failed to initialize notify2: org.freedesktop.DBus.Error.ServiceUnknown: The name org.freedesktop.Notifications was not provided by any .service files
[29.080s] DEBUG:colcon.colcon_core.event_reactor:joined thread
[29.081s] INFO:colcon.colcon_core.shell:Creating prefix script '/home/pitosalas/linorobot2_ws/src/nav_tools/install/local_setup.ps1'
[29.085s] INFO:colcon.colcon_core.shell:Creating prefix util module '/home/pitosalas/linorobot2_ws/src/nav_tools/install/_local_setup_util_ps1.py'
[29.093s] INFO:colcon.colcon_core.shell:Creating prefix chain script '/home/pitosalas/linorobot2_ws/src/nav_tools/install/setup.ps1'
[29.107s] INFO:colcon.colcon_core.shell:Creating prefix script '/home/pitosalas/linorobot2_ws/src/nav_tools/install/local_setup.sh'
[29.111s] INFO:colcon.colcon_core.shell:Creating prefix util module '/home/pitosalas/linorobot2_ws/src/nav_tools/install/_local_setup_util_sh.py'
[29.115s] INFO:colcon.colcon_core.shell:Creating prefix chain script '/home/pitosalas/linorobot2_ws/src/nav_tools/install/setup.sh'
[29.127s] INFO:colcon.colcon_core.shell:Creating prefix script '/home/pitosalas/linorobot2_ws/src/nav_tools/install/local_setup.bash'
[29.131s] INFO:colcon.colcon_core.shell:Creating prefix chain script '/home/pitosalas/linorobot2_ws/src/nav_tools/install/setup.bash'
[29.143s] INFO:colcon.colcon_core.shell:Creating prefix script '/home/pitosalas/linorobot2_ws/src/nav_tools/install/local_setup.zsh'
[29.146s] INFO:colcon.colcon_core.shell:Creating prefix chain script '/home/pitosalas/linorobot2_ws/src/nav_tools/install/setup.zsh'
